<?xml version="1.0" encoding="UTF-8"?>
<!-- Generated by org.testng.reporters.JUnitReportReporter -->
<testsuite hostname="DESKTOP-0NN2DFH" failures="0" tests="1" name="testcase.Login" time="10.093" errors="0" timestamp="2023-04-25T13:14:42 EDT" skipped="0">
  <testcase classname="testcase.Login" name="logs" time="10.093"/>
  <system-out/>
</testsuite> <!-- testcase.Login -->
