<?xml version="1.0" encoding="UTF-8"?>
<!-- Generated by org.testng.reporters.JUnitReportReporter -->
<testsuite hostname="DESKTOP-0NN2DFH" failures="0" tests="1" name="testcase.Jain_food" time="32.108" errors="0" timestamp="2023-04-23T23:50:38 EDT" skipped="0">
  <testcase classname="testcase.Jain_food" name="scrapediabetic" time="32.108"/>
  <system-out/>
</testsuite> <!-- testcase.Jain_food -->
