<?xml version="1.0" encoding="UTF-8"?>
<!-- Generated by org.testng.reporters.JUnitReportReporter -->
<testsuite hostname="DESKTOP-0NN2DFH" failures="0" tests="1" name="testcase.DiaPage" time="120.812" errors="0" timestamp="2023-04-23T19:21:34 EDT" skipped="0">
  <testcase classname="testcase.DiaPage" name="scrapediabetic" time="120.812"/>
  <system-out/>
</testsuite> <!-- testcase.DiaPage -->
